19804708290	李雁
19565699732	卫艺
13740750790	仰莉
16912637113	陶欣悦
15469927054	施梅梅
19633396534	金虹霖
17997810279	魏明艳
19682736229	华贞
13915031006	华啟倩
19503550013	仲采绿
16902045100	卫丹
15521337327	戚丽红
13356864280	何翠柔
15100544661	钱溶艳
14745170807	钱琳
18371702506	缪静欣
16088636917	焦秋菊
13111051825	吕访琴
14794420944	沈丹
16823476185	褚美丽
19486683462	孙怡
13308161427	许婵
16530347837	曹红恋
16988992966	吕柔
13078675776	冯怜云
13925524523	李采花
17724624423	冯天
13231412341	令滨海
18335345634	诗安平
13845348789	栾萱彤
18912456234	邵秋柳
17985675465	庄又青
17598912312	邱元蝶
15587938431	卞琼英
16386546525	孙红旭
13315635534	澄辉
17535254341	甘雁芙
13645754678	宗霁
13187906352	林小蕊
